<?xml version="1.0" encoding="UTF-8"?>
<!-- Generated by org.testng.reporters.JUnitReportReporter -->
<testsuite hostname="LAPTOP-15I83TBR" name="com.glycoleap.scenarios.RegisterNewUser" tests="1" failures="0" timestamp="21 Mar 2017 17:45:47 GMT" time="26.779" errors="0">
  <testcase name="registerNewUser" time="26.779" classname="com.glycoleap.scenarios.RegisterNewUser"/>
</testsuite>
