<?xml version="1.0" encoding="UTF-8"?>
<!-- Generated by org.testng.reporters.JUnitReportReporter -->
<testsuite hostname="LAPTOP-15I83TBR" name="scenarios.RegisterNewUserFromSignInPage" tests="1" failures="0" timestamp="21 Mar 2017 11:33:49 GMT" time="26.013" errors="0">
  <testcase name="registerNewUserFromSignInPage" time="26.013" classname="scenarios.RegisterNewUserFromSignInPage"/>
</testsuite>
