<?xml version="1.0" encoding="UTF-8"?>
<!-- Generated by org.testng.reporters.JUnitReportReporter -->
<testsuite hostname="LAPTOP-15I83TBR" name="com.glycoleap.scenarios.RegisterNewUserFromSignInPage" tests="1" failures="0" timestamp="21 Mar 2017 17:38:52 GMT" time="30.806" errors="0">
  <testcase name="registerNewUserFromSignInPage" time="30.806" classname="com.glycoleap.scenarios.RegisterNewUserFromSignInPage"/>
</testsuite>
