<?xml version="1.0" encoding="UTF-8"?>
<!-- Generated by org.testng.reporters.JUnitReportReporter -->
<testsuite hostname="LAPTOP-15I83TBR" name="com.holmusk.glycoleap.scenarios.Signin" tests="1" failures="0" timestamp="22 Mar 2017 18:27:16 GMT" time="24.928" errors="0">
  <testcase name="signInByRegisteredUser" time="24.928" classname="com.holmusk.glycoleap.scenarios.Signin"/>
</testsuite>
