<?xml version="1.0" encoding="UTF-8"?>
<!-- Generated by org.testng.reporters.JUnitReportReporter -->
<testsuite hostname="LAPTOP-15I83TBR" name="scenarios.AndroidSetup" tests="1" failures="0" timestamp="21 Mar 2017 04:15:19 GMT" time="21.762" errors="0">
  <testcase name="prepareAndroidForAppium" time="21.762" classname="scenarios.AndroidSetup"/>
</testsuite>
