<?xml version="1.0" encoding="UTF-8"?>
<!-- Generated by org.testng.reporters.JUnitReportReporter -->
<testsuite hostname="LAPTOP-15I83TBR" name="scenarios.LaunchEmulatorAndDeployAPK" tests="1" failures="0" timestamp="21 Mar 2017 04:38:57 GMT" time="21.722" errors="0">
  <testcase name="prepareAndroidForAppium" time="21.722" classname="scenarios.LaunchEmulatorAndDeployAPK"/>
</testsuite>
