<?xml version="1.0" encoding="UTF-8"?>
<!-- Generated by org.testng.reporters.JUnitReportReporter -->
<testsuite hostname="LAPTOP-15I83TBR" name="com.glycoleap.scenarios.SignIn" tests="1" failures="0" timestamp="21 Mar 2017 19:03:08 GMT" time="21.201" errors="0">
  <testcase name="signInByRegisteredUser" time="21.201" classname="com.glycoleap.scenarios.SignIn"/>
</testsuite>
