<?xml version="1.0" encoding="UTF-8"?>
<!-- Generated by org.testng.reporters.JUnitReportReporter -->
<testsuite hostname="LAPTOP-15I83TBR" name="com.holmusk.glycoleap.scenarios.UniqueProgramIDDetails" tests="1" failures="0" timestamp="22 Mar 2017 18:27:16 GMT" time="6.873" errors="0">
  <testcase name="displayUniqueProgramIDDetails" time="6.873" classname="com.holmusk.glycoleap.scenarios.UniqueProgramIDDetails"/>
</testsuite>
