<?xml version="1.0" encoding="UTF-8"?>
<!-- Generated by org.testng.reporters.JUnitReportReporter -->
<testsuite hostname="LAPTOP-15I83TBR" name="com.holmusk.glycoleap.scenarios.RegisterNewUserFromSigninPage" tests="1" failures="0" timestamp="22 Mar 2017 18:30:59 GMT" time="30.303" errors="0">
  <testcase name="registerNewUserFromSigninPage" time="30.303" classname="com.holmusk.glycoleap.scenarios.RegisterNewUserFromSigninPage"/>
</testsuite>
