<?xml version="1.0" encoding="UTF-8"?>
<!-- Generated by org.testng.reporters.JUnitReportReporter -->
<testsuite hostname="LAPTOP-15I83TBR" name="scenarios.RegisterUserWithInvalidCredentials" tests="2" failures="0" timestamp="21 Mar 2017 06:36:13 GMT" time="45.356" errors="0">
  <testcase name="registerWithInvalidCredentials" time="27.200" classname="scenarios.RegisterUserWithInvalidCredentials"/>
  <testcase name="prepareAndroidForAppium" time="18.156" classname="scenarios.RegisterUserWithInvalidCredentials"/>
</testsuite>
