<?xml version="1.0" encoding="UTF-8"?>
<!-- Generated by org.testng.reporters.JUnitReportReporter -->
<testsuite hostname="LAPTOP-15I83TBR" name="com.holmusk.glycoleap.scenarios.RegisterUserWithExistingUsers" tests="1" failures="0" timestamp="22 Mar 2017 18:27:17 GMT" time="25.879" errors="0">
  <testcase name="registerWithExistingUsers" time="25.879" classname="com.holmusk.glycoleap.scenarios.RegisterUserWithExistingUsers"/>
</testsuite>
