<?xml version="1.0" encoding="UTF-8"?>
<!-- Generated by org.testng.reporters.JUnitReportReporter -->
<testsuite hostname="LAPTOP-15I83TBR" name="com.holmusk.glycoleap.scenarios.SigninWithInvalidCredentials" tests="1" failures="0" timestamp="22 Mar 2017 18:27:17 GMT" time="16.725" errors="0">
  <testcase name="signinWithInvalidCredentials" time="16.725" classname="com.holmusk.glycoleap.scenarios.SigninWithInvalidCredentials"/>
</testsuite>
